<?xml version="1.0" encoding="UTF-8" ?>
<testsuite failures="0" time="4.015" errors="0" skipped="0" tests="5" name="com.woyo.bo.test.GroupServiceTest">
  <properties>
    <property name="java.runtime.name" value="Java(TM) SE Runtime Environment"/>
    <property name="sun.boot.library.path" value="D:\Genuitec\Common\binary\com.sun.java.jdk.win32.x86_1.6.0.013\jre\bin"/>
    <property name="java.vm.version" value="11.3-b02"/>
    <property name="java.vm.vendor" value="Sun Microsystems Inc."/>
    <property name="java.vendor.url" value="http://java.sun.com/"/>
    <property name="path.separator" value=";"/>
    <property name="java.vm.name" value="Java HotSpot(TM) Client VM"/>
    <property name="file.encoding.pkg" value="sun.io"/>
    <property name="user.country" value="CN"/>
    <property name="sun.java.launcher" value="SUN_STANDARD"/>
    <property name="sun.os.patch.level" value="Service Pack 3"/>
    <property name="java.vm.specification.name" value="Java Virtual Machine Specification"/>
    <property name="user.dir" value="E:\SSHMJ-FRANK"/>
    <property name="java.runtime.version" value="1.6.0_13-b03"/>
    <property name="java.awt.graphicsenv" value="sun.awt.Win32GraphicsEnvironment"/>
    <property name="basedir" value="E:\SSHMJ-FRANK"/>
    <property name="java.endorsed.dirs" value="D:\Genuitec\Common\binary\com.sun.java.jdk.win32.x86_1.6.0.013\jre\lib\endorsed"/>
    <property name="os.arch" value="x86"/>
    <property name="surefire.real.class.path" value="C:\DOCUME~1\ADMINI~1\LOCALS~1\Temp\surefirebooter1849700137578745074.jar"/>
    <property name="java.io.tmpdir" value="C:\DOCUME~1\ADMINI~1\LOCALS~1\Temp\"/>
    <property name="line.separator" value="
"/>
    <property name="java.vm.specification.vendor" value="Sun Microsystems Inc."/>
    <property name="user.variant" value=""/>
    <property name="os.name" value="Windows XP"/>
    <property name="sun.jnu.encoding" value="GBK"/>
    <property name="java.library.path" value="D:\Genuitec\Common\binary\com.sun.java.jdk.win32.x86_1.6.0.013\jre\bin;.;C:\WINDOWS\Sun\Java\bin;C:\WINDOWS\system32;C:\WINDOWS;.;C:\Program Files\Common Files\NetSarang;C:\WINDOWS\system32;C:\WINDOWS;C:\WINDOWS\System32\Wbem;D:\TortoiseSVN\bin;%TOMCAT_HOME%\bin;%JAVA_HOME%\bin;E:\maven2\bin;E:\ant17\bin;F:\tomcat6020\bin;"/>
    <property name="surefire.test.class.path" value="E:\SSHMJ-FRANK\target\test-classes;E:\SSHMJ-FRANK\target\classes;e:\m2\repository\javax\activation\activation\1.1\activation-1.1.jar;e:\m2\repository\org\antlr\antlr\3.0b5\antlr-3.0b5.jar;e:\m2\repository\org\antlr\stringtemplate\3.0\stringtemplate-3.0.jar;e:\m2\repository\antlr\antlr\2.7.6rc1\antlr-2.7.6rc1.jar;e:\m2\repository\aopalliance\aopalliance\1.0\aopalliance-1.0.jar;e:\m2\repository\c3p0\c3p0\0.9.0.4\c3p0-0.9.0.4.jar;e:\m2\repository\cglib\cglib-nodep\2.1_3\cglib-nodep-2.1_3.jar;e:\m2\repository\commons-beanutils\commons-beanutils\1.7.0\commons-beanutils-1.7.0.jar;e:\m2\repository\commons-logging\commons-logging\1.1.1\commons-logging-1.1.1.jar;e:\m2\repository\commons-collections\commons-collections\3.2\commons-collections-3.2.jar;e:\m2\repository\commons-digester\commons-digester\2.0\commons-digester-2.0.jar;e:\m2\repository\commons-logging\commons-logging-api\1.1\commons-logging-api-1.1.jar;e:\m2\repository\commons-validator\commons-validator\1.3.1\commons-validator-1.3.1.jar;e:\m2\repository\dom4j\dom4j\1.6.1\dom4j-1.6.1.jar;e:\m2\repository\xml-apis\xml-apis\1.0.b2\xml-apis-1.0.b2.jar;e:\m2\repository\oro\oro\2.0.8\oro-2.0.8.jar;e:\m2\repository\javax\servlet\jstl\1.1.2\jstl-1.1.2.jar;e:\m2\repository\javax\transaction\jta\1.1\jta-1.1.jar;e:\m2\repository\junit\junit\4.7\junit-4.7.jar;e:\m2\repository\log4j\log4j\1.2.15\log4j-1.2.15.jar;e:\m2\repository\javax\mail\mail\1.4.1\mail-1.4.1.jar;e:\m2\repository\mysql\mysql-connector-java\3.1.14\mysql-connector-java-3.1.14.jar;e:\m2\repository\jsptags\pager-taglib\2.0\pager-taglib-2.0.jar;e:\m2\repository\org\hibernate\hibernate\3.1.3\hibernate-3.1.3.jar;e:\m2\repository\ehcache\ehcache\1.1\ehcache-1.1.jar;e:\m2\repository\cglib\cglib\2.1_3\cglib-2.1_3.jar;e:\m2\repository\asm\asm\1.5.3\asm-1.5.3.jar;e:\m2\repository\asm\asm-attrs\1.5.3\asm-attrs-1.5.3.jar;e:\m2\repository\org\springframework\spring-aop\3.0.1.RELEASE\spring-aop-3.0.1.RELEASE.jar;e:\m2\repository\org\springframework\spring-asm\3.0.1.RELEASE\spring-asm-3.0.1.RELEASE.jar;e:\m2\repository\org\springframework\spring-beans\3.0.1.RELEASE\spring-beans-3.0.1.RELEASE.jar;e:\m2\repository\org\springframework\spring-core\3.0.1.RELEASE\spring-core-3.0.1.RELEASE.jar;e:\m2\repository\org\springframework\spring-context\3.0.1.RELEASE\spring-context-3.0.1.RELEASE.jar;e:\m2\repository\org\springframework\spring-expression\3.0.1.RELEASE\spring-expression-3.0.1.RELEASE.jar;e:\m2\repository\org\springframework\spring-context-support\3.0.1.RELEASE\spring-context-support-3.0.1.RELEASE.jar;e:\m2\repository\org\springframework\spring-jdbc\3.0.1.RELEASE\spring-jdbc-3.0.1.RELEASE.jar;e:\m2\repository\org\springframework\spring-tx\3.0.1.RELEASE\spring-tx-3.0.1.RELEASE.jar;e:\m2\repository\org\springframework\spring-test\3.0.1.RELEASE\spring-test-3.0.1.RELEASE.jar;e:\m2\repository\org\springframework\spring-orm\3.0.1.RELEASE\spring-orm-3.0.1.RELEASE.jar;e:\m2\repository\org\springframework\spring-web\3.0.1.RELEASE\spring-web-3.0.1.RELEASE.jar;e:\m2\repository\commons-fileupload\commons-fileupload\1.2.1\commons-fileupload-1.2.1.jar;e:\m2\repository\commons-io\commons-io\1.3.2\commons-io-1.3.2.jar;e:\m2\repository\commons-dbcp\commons-dbcp\1.4\commons-dbcp-1.4.jar;e:\m2\repository\commons-pool\commons-pool\1.5.4\commons-pool-1.5.4.jar;e:\m2\repository\org\freemarker\freemarker\2.3.15\freemarker-2.3.15.jar;e:\m2\repository\ognl\ognl\2.7.3\ognl-2.7.3.jar;e:\m2\repository\jboss\javassist\3.7.ga\javassist-3.7.ga.jar;e:\m2\repository\org\apache\struts\struts2-core\2.1.8.1\struts2-core-2.1.8.1.jar;e:\m2\repository\com\opensymphony\xwork-core\2.1.6\xwork-core-2.1.6.jar;D:\Genuitec\Common\binary\com.sun.java.jdk.win32.x86_1.6.0.013\jre\..\lib\tools.jar;e:\m2\repository\org\apache\struts\struts2-spring-plugin\2.1.8.1\struts2-spring-plugin-2.1.8.1.jar;e:\m2\repository\taglibs\standard\1.1.2\standard-1.1.2.jar;e:\m2\repository\javax\servlet\servlet-api\2.5\servlet-api-2.5.jar;e:\m2\repository\javax\servlet\jsp\jsp-api\2.1\jsp-api-2.1.jar;e:\m2\repository\jaxen\jaxen\1.1-beta-7\jaxen-1.1-beta-7.jar;e:\m2\repository\jdom\jdom\1.0\jdom-1.0.jar;e:\m2\repository\xerces\xmlParserAPIs\2.6.2\xmlParserAPIs-2.6.2.jar;e:\m2\repository\xerces\xercesImpl\2.6.2\xercesImpl-2.6.2.jar;e:\m2\repository\xom\xom\1.0b3\xom-1.0b3.jar;e:\m2\repository\com\ibm\icu\icu4j\2.6.1\icu4j-2.6.1.jar;e:\m2\repository\xalan\xalan\2.6.0\xalan-2.6.0.jar;e:\m2\repository\org\ccil\cowan\tagsoup\tagsoup\0.9.7\tagsoup-0.9.7.jar;e:\m2\repository\javassist\javassist\3.4.GA\javassist-3.4.GA.jar;e:\m2\repository\checkstyle\checkstyle\4.4\checkstyle-4.4.jar;e:\m2\repository\commons-beanutils\commons-beanutils-core\1.7.0\commons-beanutils-core-1.7.0.jar;e:\m2\repository\commons-cli\commons-cli\1.0\commons-cli-1.0.jar;e:\m2\repository\commons-lang\commons-lang\1.0\commons-lang-1.0.jar;"/>
    <property name="java.specification.name" value="Java Platform API Specification"/>
    <property name="java.class.version" value="50.0"/>
    <property name="sun.management.compiler" value="HotSpot Client Compiler"/>
    <property name="os.version" value="5.1"/>
    <property name="user.home" value="C:\Documents and Settings\Administrator"/>
    <property name="user.timezone" value="Asia/Shanghai"/>
    <property name="java.awt.printerjob" value="sun.awt.windows.WPrinterJob"/>
    <property name="java.specification.version" value="1.6"/>
    <property name="file.encoding" value="GBK"/>
    <property name="user.name" value="Administrator"/>
    <property name="java.class.path" value="E:\SSHMJ-FRANK\target\test-classes;E:\SSHMJ-FRANK\target\classes;e:\m2\repository\javax\activation\activation\1.1\activation-1.1.jar;e:\m2\repository\org\antlr\antlr\3.0b5\antlr-3.0b5.jar;e:\m2\repository\org\antlr\stringtemplate\3.0\stringtemplate-3.0.jar;e:\m2\repository\antlr\antlr\2.7.6rc1\antlr-2.7.6rc1.jar;e:\m2\repository\aopalliance\aopalliance\1.0\aopalliance-1.0.jar;e:\m2\repository\c3p0\c3p0\0.9.0.4\c3p0-0.9.0.4.jar;e:\m2\repository\cglib\cglib-nodep\2.1_3\cglib-nodep-2.1_3.jar;e:\m2\repository\commons-beanutils\commons-beanutils\1.7.0\commons-beanutils-1.7.0.jar;e:\m2\repository\commons-logging\commons-logging\1.1.1\commons-logging-1.1.1.jar;e:\m2\repository\commons-collections\commons-collections\3.2\commons-collections-3.2.jar;e:\m2\repository\commons-digester\commons-digester\2.0\commons-digester-2.0.jar;e:\m2\repository\commons-logging\commons-logging-api\1.1\commons-logging-api-1.1.jar;e:\m2\repository\commons-validator\commons-validator\1.3.1\commons-validator-1.3.1.jar;e:\m2\repository\dom4j\dom4j\1.6.1\dom4j-1.6.1.jar;e:\m2\repository\xml-apis\xml-apis\1.0.b2\xml-apis-1.0.b2.jar;e:\m2\repository\oro\oro\2.0.8\oro-2.0.8.jar;e:\m2\repository\javax\servlet\jstl\1.1.2\jstl-1.1.2.jar;e:\m2\repository\javax\transaction\jta\1.1\jta-1.1.jar;e:\m2\repository\junit\junit\4.7\junit-4.7.jar;e:\m2\repository\log4j\log4j\1.2.15\log4j-1.2.15.jar;e:\m2\repository\javax\mail\mail\1.4.1\mail-1.4.1.jar;e:\m2\repository\mysql\mysql-connector-java\3.1.14\mysql-connector-java-3.1.14.jar;e:\m2\repository\jsptags\pager-taglib\2.0\pager-taglib-2.0.jar;e:\m2\repository\org\hibernate\hibernate\3.1.3\hibernate-3.1.3.jar;e:\m2\repository\ehcache\ehcache\1.1\ehcache-1.1.jar;e:\m2\repository\cglib\cglib\2.1_3\cglib-2.1_3.jar;e:\m2\repository\asm\asm\1.5.3\asm-1.5.3.jar;e:\m2\repository\asm\asm-attrs\1.5.3\asm-attrs-1.5.3.jar;e:\m2\repository\org\springframework\spring-aop\3.0.1.RELEASE\spring-aop-3.0.1.RELEASE.jar;e:\m2\repository\org\springframework\spring-asm\3.0.1.RELEASE\spring-asm-3.0.1.RELEASE.jar;e:\m2\repository\org\springframework\spring-beans\3.0.1.RELEASE\spring-beans-3.0.1.RELEASE.jar;e:\m2\repository\org\springframework\spring-core\3.0.1.RELEASE\spring-core-3.0.1.RELEASE.jar;e:\m2\repository\org\springframework\spring-context\3.0.1.RELEASE\spring-context-3.0.1.RELEASE.jar;e:\m2\repository\org\springframework\spring-expression\3.0.1.RELEASE\spring-expression-3.0.1.RELEASE.jar;e:\m2\repository\org\springframework\spring-context-support\3.0.1.RELEASE\spring-context-support-3.0.1.RELEASE.jar;e:\m2\repository\org\springframework\spring-jdbc\3.0.1.RELEASE\spring-jdbc-3.0.1.RELEASE.jar;e:\m2\repository\org\springframework\spring-tx\3.0.1.RELEASE\spring-tx-3.0.1.RELEASE.jar;e:\m2\repository\org\springframework\spring-test\3.0.1.RELEASE\spring-test-3.0.1.RELEASE.jar;e:\m2\repository\org\springframework\spring-orm\3.0.1.RELEASE\spring-orm-3.0.1.RELEASE.jar;e:\m2\repository\org\springframework\spring-web\3.0.1.RELEASE\spring-web-3.0.1.RELEASE.jar;e:\m2\repository\commons-fileupload\commons-fileupload\1.2.1\commons-fileupload-1.2.1.jar;e:\m2\repository\commons-io\commons-io\1.3.2\commons-io-1.3.2.jar;e:\m2\repository\commons-dbcp\commons-dbcp\1.4\commons-dbcp-1.4.jar;e:\m2\repository\commons-pool\commons-pool\1.5.4\commons-pool-1.5.4.jar;e:\m2\repository\org\freemarker\freemarker\2.3.15\freemarker-2.3.15.jar;e:\m2\repository\ognl\ognl\2.7.3\ognl-2.7.3.jar;e:\m2\repository\jboss\javassist\3.7.ga\javassist-3.7.ga.jar;e:\m2\repository\org\apache\struts\struts2-core\2.1.8.1\struts2-core-2.1.8.1.jar;e:\m2\repository\com\opensymphony\xwork-core\2.1.6\xwork-core-2.1.6.jar;D:\Genuitec\Common\binary\com.sun.java.jdk.win32.x86_1.6.0.013\jre\..\lib\tools.jar;e:\m2\repository\org\apache\struts\struts2-spring-plugin\2.1.8.1\struts2-spring-plugin-2.1.8.1.jar;e:\m2\repository\taglibs\standard\1.1.2\standard-1.1.2.jar;e:\m2\repository\javax\servlet\servlet-api\2.5\servlet-api-2.5.jar;e:\m2\repository\javax\servlet\jsp\jsp-api\2.1\jsp-api-2.1.jar;e:\m2\repository\jaxen\jaxen\1.1-beta-7\jaxen-1.1-beta-7.jar;e:\m2\repository\jdom\jdom\1.0\jdom-1.0.jar;e:\m2\repository\xerces\xmlParserAPIs\2.6.2\xmlParserAPIs-2.6.2.jar;e:\m2\repository\xerces\xercesImpl\2.6.2\xercesImpl-2.6.2.jar;e:\m2\repository\xom\xom\1.0b3\xom-1.0b3.jar;e:\m2\repository\com\ibm\icu\icu4j\2.6.1\icu4j-2.6.1.jar;e:\m2\repository\xalan\xalan\2.6.0\xalan-2.6.0.jar;e:\m2\repository\org\ccil\cowan\tagsoup\tagsoup\0.9.7\tagsoup-0.9.7.jar;e:\m2\repository\javassist\javassist\3.4.GA\javassist-3.4.GA.jar;e:\m2\repository\checkstyle\checkstyle\4.4\checkstyle-4.4.jar;e:\m2\repository\commons-beanutils\commons-beanutils-core\1.7.0\commons-beanutils-core-1.7.0.jar;e:\m2\repository\commons-cli\commons-cli\1.0\commons-cli-1.0.jar;e:\m2\repository\commons-lang\commons-lang\1.0\commons-lang-1.0.jar;"/>
    <property name="java.vm.specification.version" value="1.0"/>
    <property name="sun.arch.data.model" value="32"/>
    <property name="java.home" value="D:\Genuitec\Common\binary\com.sun.java.jdk.win32.x86_1.6.0.013\jre"/>
    <property name="java.specification.vendor" value="Sun Microsystems Inc."/>
    <property name="user.language" value="zh"/>
    <property name="awt.toolkit" value="sun.awt.windows.WToolkit"/>
    <property name="java.vm.info" value="mixed mode"/>
    <property name="java.version" value="1.6.0_13"/>
    <property name="java.ext.dirs" value="D:\Genuitec\Common\binary\com.sun.java.jdk.win32.x86_1.6.0.013\jre\lib\ext;C:\WINDOWS\Sun\Java\lib\ext"/>
    <property name="sun.boot.class.path" value="D:\Genuitec\Common\binary\com.sun.java.jdk.win32.x86_1.6.0.013\jre\lib\resources.jar;D:\Genuitec\Common\binary\com.sun.java.jdk.win32.x86_1.6.0.013\jre\lib\rt.jar;D:\Genuitec\Common\binary\com.sun.java.jdk.win32.x86_1.6.0.013\jre\lib\sunrsasign.jar;D:\Genuitec\Common\binary\com.sun.java.jdk.win32.x86_1.6.0.013\jre\lib\jsse.jar;D:\Genuitec\Common\binary\com.sun.java.jdk.win32.x86_1.6.0.013\jre\lib\jce.jar;D:\Genuitec\Common\binary\com.sun.java.jdk.win32.x86_1.6.0.013\jre\lib\charsets.jar;D:\Genuitec\Common\binary\com.sun.java.jdk.win32.x86_1.6.0.013\jre\classes"/>
    <property name="java.vendor" value="Sun Microsystems Inc."/>
    <property name="localRepository" value="e:\m2\repository"/>
    <property name="file.separator" value="\"/>
    <property name="java.vendor.url.bug" value="http://java.sun.com/cgi-bin/bugreport.cgi"/>
    <property name="sun.cpu.endian" value="little"/>
    <property name="sun.io.unicode.encoding" value="UnicodeLittle"/>
    <property name="sun.desktop" value="windows"/>
    <property name="sun.cpu.isalist" value="pentium_pro+mmx pentium_pro pentium+mmx pentium i486 i386 i86"/>
  </properties>
  <testcase time="3.796" classname="com.woyo.bo.test.GroupServiceTest" name="testSave"/>
  <testcase time="0.032" classname="com.woyo.bo.test.GroupServiceTest" name="testUpdate"/>
  <testcase time="0.015" classname="com.woyo.bo.test.GroupServiceTest" name="testFindByName"/>
  <testcase time="0.032" classname="com.woyo.bo.test.GroupServiceTest" name="testDelete"/>
  <testcase time="0.093" classname="com.woyo.bo.test.GroupServiceTest" name="testFindAll"/>
</testsuite>